<?xml version="1.0" encoding="UTF-8"?>
<coverage generated="1603605902400" clover="3.2.0">
  <project timestamp="1603605902400" name="All files">
    <metrics statements="3" coveredstatements="3" conditionals="2" coveredconditionals="1" methods="1" coveredmethods="1" elements="6" coveredelements="5" complexity="0" loc="3" ncloc="3" packages="1" files="1" classes="1"/>
    <file name="9.js" path="/Users/hon/Desktop/CodeCamp4/LeetCode/1-Easy/9.js">
      <metrics statements="3" coveredstatements="3" conditionals="2" coveredconditionals="1" methods="1" coveredmethods="1"/>
      <line num="40" count="1" type="stmt"/>
      <line num="41" count="11" type="cond" truecount="1" falsecount="1"/>
      <line num="75" count="1" type="stmt"/>
    </file>
  </project>
</coverage>
