<?xml version="1.0" encoding="UTF-8"?>
<coverage generated="1603731004416" clover="3.2.0">
  <project timestamp="1603731004416" name="All files">
    <metrics statements="12" coveredstatements="12" conditionals="6" coveredconditionals="6" methods="1" coveredmethods="1" elements="19" coveredelements="19" complexity="0" loc="12" ncloc="12" packages="1" files="1" classes="1"/>
    <file name="242.js" path="/Users/hon/Desktop/CodeCamp4/LeetCode/1-Easy/242.js">
      <metrics statements="12" coveredstatements="12" conditionals="6" coveredconditionals="6" methods="1" coveredmethods="1"/>
      <line num="31" count="1" type="stmt"/>
      <line num="32" count="16" type="stmt"/>
      <line num="34" count="16" type="stmt"/>
      <line num="35" count="110" type="cond" truecount="2" falsecount="0"/>
      <line num="36" count="75" type="stmt"/>
      <line num="39" count="16" type="stmt"/>
      <line num="40" count="92" type="cond" truecount="2" falsecount="0"/>
      <line num="41" count="62" type="cond" truecount="2" falsecount="0"/>
      <line num="42" count="4" type="stmt"/>
      <line num="45" count="12" type="stmt"/>
      <line num="47" count="8" type="stmt"/>
      <line num="68" count="1" type="stmt"/>
    </file>
  </project>
</coverage>
