{"/Users/hon/Desktop/CodeCamp4/LeetCode/1-Easy/125.js": {"path":"/Users/hon/Desktop/CodeCamp4/LeetCode/1-Easy/125.js","statementMap":{"0":{"start":{"line":29,"column":21},"end":{"line":35,"column":1}},"1":{"start":{"line":30,"column":2},"end":{"line":30,"column":49}},"2":{"start":{"line":31,"column":17},"end":{"line":31,"column":25}},"3":{"start":{"line":33,"column":2},"end":{"line":34,"column":121}},"4":{"start":{"line":33,"column":24},"end":{"line":33,"column":115}},"5":{"start":{"line":34,"column":7},"end":{"line":34,"column":121}},"6":{"start":{"line":57,"column":0},"end":{"line":57,"column":30}}},"fnMap":{"0":{"name":"(anonymous_0)","decl":{"start":{"line":29,"column":21},"end":{"line":29,"column":22}},"loc":{"start":{"line":29,"column":26},"end":{"line":35,"column":1}},"line":29}},"branchMap":{"0":{"loc":{"start":{"line":33,"column":2},"end":{"line":34,"column":121}},"type":"if","locations":[{"start":{"line":33,"column":2},"end":{"line":34,"column":121}},{"start":{"line":33,"column":2},"end":{"line":34,"column":121}}],"line":33}},"s":{"0":1,"1":18,"2":18,"3":18,"4":8,"5":10,"6":1},"f":{"0":18},"b":{"0":[8,10]},"_coverageSchema":"1a1c01bbd47fc00a2c39e90264f33305004495a9","hash":"ec63cd15e296f5cbc7743dc402dea34377661f09"}
}
