{"/Users/hon/Desktop/CodeCamp4/LeetCode/1-Easy/125.js": {"path":"/Users/hon/Desktop/CodeCamp4/LeetCode/1-Easy/125.js","statementMap":{"0":{"start":{"line":39,"column":21},"end":{"line":52,"column":1}},"1":{"start":{"line":40,"column":2},"end":{"line":40,"column":59}},"2":{"start":{"line":42,"column":14},"end":{"line":42,"column":15}},"3":{"start":{"line":43,"column":12},"end":{"line":43,"column":24}},"4":{"start":{"line":45,"column":2},"end":{"line":49,"column":3}},"5":{"start":{"line":46,"column":4},"end":{"line":46,"column":42}},"6":{"start":{"line":46,"column":29},"end":{"line":46,"column":42}},"7":{"start":{"line":47,"column":4},"end":{"line":47,"column":12}},"8":{"start":{"line":48,"column":4},"end":{"line":48,"column":10}},"9":{"start":{"line":51,"column":2},"end":{"line":51,"column":14}},"10":{"start":{"line":74,"column":0},"end":{"line":74,"column":30}}},"fnMap":{"0":{"name":"(anonymous_0)","decl":{"start":{"line":39,"column":21},"end":{"line":39,"column":22}},"loc":{"start":{"line":39,"column":26},"end":{"line":52,"column":1}},"line":39}},"branchMap":{"0":{"loc":{"start":{"line":46,"column":4},"end":{"line":46,"column":42}},"type":"if","locations":[{"start":{"line":46,"column":4},"end":{"line":46,"column":42}},{"start":{"line":46,"column":4},"end":{"line":46,"column":42}}],"line":46}},"s":{"0":1,"1":18,"2":18,"3":18,"4":18,"5":41,"6":5,"7":36,"8":36,"9":13,"10":1},"f":{"0":18},"b":{"0":[5,36]},"_coverageSchema":"1a1c01bbd47fc00a2c39e90264f33305004495a9","hash":"e188781caa678b04fbbd31ee1a206da3bc8a7f1b"}
}
